app/build/intermediates/manifest_merge_blame_file/debug/manifest-merger-blame-debug-report.txt
1<?xml version="1.0" encoding="utf-8"?>
2<manifest xmlns:android="http://schemas.android.com/apk/res/android"
3    package="com.vrem.wifianalyzer.BETA"
4    android:installLocation="auto"
5    android:versionCode="63"
6    android:versionName="3.0.11.0-BETA" >
7
8    <uses-sdk
9        android:minSdkVersion="23"
9-->src/main/AndroidManifest.xml
10        android:targetSdkVersion="33" />
10-->src/main/AndroidManifest.xml
11
12    <uses-permission android:name="android.permission.ACCESS_COARSE_LOCATION" />
12-->src/main/AndroidManifest.xml:6:5-81
12-->src/main/AndroidManifest.xml:6:22-78
13    <uses-permission android:name="android.permission.ACCESS_FINE_LOCATION" />
13-->src/main/AndroidManifest.xml:7:5-79
13-->src/main/AndroidManifest.xml:7:22-76
14    <uses-permission android:name="android.permission.ACCESS_WIFI_STATE" />
14-->src/main/AndroidManifest.xml:8:5-76
14-->src/main/AndroidManifest.xml:8:22-73
15    <uses-permission android:name="android.permission.CHANGE_WIFI_STATE" />
15-->src/main/AndroidManifest.xml:9:5-76
15-->src/main/AndroidManifest.xml:9:22-73
16
17    <queries>
17-->src/main/AndroidManifest.xml:40:5-44:15
18        <package android:name="com.aaronjwood.portauthority" />
18-->src/main/AndroidManifest.xml:41:9-64
18-->src/main/AndroidManifest.xml:41:18-61
19        <package android:name="com.aaronjwood.portauthority.free" />
19-->src/main/AndroidManifest.xml:42:9-69
19-->src/main/AndroidManifest.xml:42:18-66
20        <package android:name="com.aaronjwood.portauthority.donate" />
20-->src/main/AndroidManifest.xml:43:9-71
20-->src/main/AndroidManifest.xml:43:18-68
21    </queries>
22
23    <permission
23-->[androidx.core:core:1.9.0] AndroidManifest.xml:22:5-24:47
24        android:name="com.vrem.wifianalyzer.BETA.DYNAMIC_RECEIVER_NOT_EXPORTED_PERMISSION"
24-->[androidx.core:core:1.9.0] AndroidManifest.xml:23:9-81
25        android:protectionLevel="signature" />
25-->[androidx.core:core:1.9.0] AndroidManifest.xml:24:9-44
26
27    <uses-permission android:name="com.vrem.wifianalyzer.BETA.DYNAMIC_RECEIVER_NOT_EXPORTED_PERMISSION" />
27-->[androidx.core:core:1.9.0] AndroidManifest.xml:26:5-97
27-->[androidx.core:core:1.9.0] AndroidManifest.xml:26:22-94
28
29    <application
29-->src/main/AndroidManifest.xml:11:5-38:19
30        android:allowBackup="true"
30-->src/main/AndroidManifest.xml:12:9-35
31        android:appComponentFactory="androidx.core.app.CoreComponentFactory"
31-->[androidx.core:core:1.9.0] AndroidManifest.xml:28:18-86
32        android:debuggable="true"
33        android:extractNativeLibs="false"
34        android:fullBackupContent="true"
34-->src/main/AndroidManifest.xml:13:9-41
35        android:hardwareAccelerated="true"
35-->src/main/AndroidManifest.xml:14:9-43
36        android:icon="@mipmap/ic_launcher"
36-->src/main/AndroidManifest.xml:15:9-43
37        android:label="@string/app_name"
37-->src/main/AndroidManifest.xml:17:9-41
38        android:resizeableActivity="true"
38-->src/main/AndroidManifest.xml:18:9-42
39        android:roundIcon="@mipmap/ic_launcher_round"
39-->src/main/AndroidManifest.xml:16:9-54
40        android:supportsRtl="true"
40-->src/main/AndroidManifest.xml:19:9-35
41        android:testOnly="true"
42        android:theme="@style/ThemeSplash" >
42-->src/main/AndroidManifest.xml:20:9-43
43        <meta-data
43-->src/main/AndroidManifest.xml:22:9-24:35
44            android:name="android.max_aspect"
44-->src/main/AndroidManifest.xml:23:13-46
45            android:value="2.1" />
45-->src/main/AndroidManifest.xml:24:13-32
46
47        <activity
47-->src/main/AndroidManifest.xml:26:9-37:20
48            android:name="com.vrem.wifianalyzer.MainActivity"
48-->src/main/AndroidManifest.xml:27:13-41
49            android:configChanges="keyboardHidden|orientation|screenSize"
49-->src/main/AndroidManifest.xml:29:13-74
50            android:exported="true"
50-->src/main/AndroidManifest.xml:28:13-36
51            android:launchMode="singleTop" >
51-->src/main/AndroidManifest.xml:30:13-43
52            <intent-filter>
52-->src/main/AndroidManifest.xml:31:13-36:29
53                <action android:name="android.intent.action.MAIN" />
53-->src/main/AndroidManifest.xml:32:17-69
53-->src/main/AndroidManifest.xml:32:25-66
54
55                <category android:name="android.intent.category.LAUNCHER" />
55-->src/main/AndroidManifest.xml:34:17-77
55-->src/main/AndroidManifest.xml:34:27-74
56                <category android:name="android.intent.category.DEFAULT" />
56-->src/main/AndroidManifest.xml:35:17-76
56-->src/main/AndroidManifest.xml:35:27-73
57            </intent-filter>
58        </activity>
59
60        <provider
60-->[androidx.emoji2:emoji2:1.2.0] AndroidManifest.xml:24:9-32:20
61            android:name="androidx.startup.InitializationProvider"
61-->[androidx.emoji2:emoji2:1.2.0] AndroidManifest.xml:25:13-67
62            android:authorities="com.vrem.wifianalyzer.BETA.androidx-startup"
62-->[androidx.emoji2:emoji2:1.2.0] AndroidManifest.xml:26:13-68
63            android:exported="false" >
63-->[androidx.emoji2:emoji2:1.2.0] AndroidManifest.xml:27:13-37
64            <meta-data
64-->[androidx.emoji2:emoji2:1.2.0] AndroidManifest.xml:29:13-31:52
65                android:name="androidx.emoji2.text.EmojiCompatInitializer"
65-->[androidx.emoji2:emoji2:1.2.0] AndroidManifest.xml:30:17-75
66                android:value="androidx.startup" />
66-->[androidx.emoji2:emoji2:1.2.0] AndroidManifest.xml:31:17-49
67            <meta-data
67-->[androidx.lifecycle:lifecycle-process:2.4.1] AndroidManifest.xml:31:13-33:52
68                android:name="androidx.lifecycle.ProcessLifecycleInitializer"
68-->[androidx.lifecycle:lifecycle-process:2.4.1] AndroidManifest.xml:32:17-78
69                android:value="androidx.startup" />
69-->[androidx.lifecycle:lifecycle-process:2.4.1] AndroidManifest.xml:33:17-49
70        </provider>
71
72        <uses-library
72-->[androidx.window:window:1.0.0] AndroidManifest.xml:25:9-27:40
73            android:name="androidx.window.extensions"
73-->[androidx.window:window:1.0.0] AndroidManifest.xml:26:13-54
74            android:required="false" />
74-->[androidx.window:window:1.0.0] AndroidManifest.xml:27:13-37
75        <uses-library
75-->[androidx.window:window:1.0.0] AndroidManifest.xml:28:9-30:40
76            android:name="androidx.window.sidecar"
76-->[androidx.window:window:1.0.0] AndroidManifest.xml:29:13-51
77            android:required="false" />
77-->[androidx.window:window:1.0.0] AndroidManifest.xml:30:13-37
78    </application>
79
80</manifest>